# JRE version: OpenJDK Runtime Environment Temurin-21.0.6+7 (21.0.6+7) (build 21.0.6+7-LTS)
# Java VM: OpenJDK 64-Bit Server VM Temurin-21.0.6+7 (21.0.6+7-LTS, mixed mode, sharing, tiered, compressed oops, compressed class ptrs, parallel gc, bsd-amd64)
GC Precious Log:
 CardTable entry size: 512
 CPUs: 4 total, 4 available
 Memory: 8192M
 Large Page Support: Disabled
 NUMA Support: Disabled
 Compressed Oops: Enabled (Zero based)
 Alignments: Space 512K, Generation 512K, Heap 2M
 Heap Min Capacity: 100M
 Heap Initial Capacity: 100M
 Heap Max Capacity: 1G
 Pre-touch: Disabled
 Parallel Workers: 4
Heap:
 PSYoungGen      total 5120K, used 4676K [0x00000007eab00000, 0x00000007eb200000, 0x0000000800000000)
  eden space 4608K, 93% used [0x00000007eab00000,0x00000007eaf31050,0x00000007eaf80000)
  from space 512K, 75% used [0x00000007eb180000,0x00000007eb1e0000,0x00000007eb200000)
  to   space 1024K, 0% used [0x00000007eb000000,0x00000007eb000000,0x00000007eb100000)
 ParOldGen       total 388096K, used 387936K [0x00000007c0000000, 0x00000007d7b00000, 0x00000007eab00000)
  object space 388096K, 99% used [0x00000007c0000000,0x00000007d7ad8300,0x00000007d7b00000)
 Metaspace       used 76725K, committed 78144K, reserved 1179648K
  class space    used 7921K, committed 8640K, reserved 1048576K
GC Heap History (20 events):
Event: 13581.309 GC heap before
{Heap before GC invocations=2675 (full 11):
 PSYoungGen      total 1536K, used 1536K [0x00000007eab00000, 0x00000007eb600000, 0x0000000800000000)
  eden space 1024K, 100% used [0x00000007eab00000,0x00000007eac00000,0x00000007eac00000)
  from space 512K, 100% used [0x00000007eb580000,0x00000007eb600000,0x00000007eb600000)
  to   space 1536K, 0% used [0x00000007eb300000,0x00000007eb300000,0x00000007eb480000)
 ParOldGen       total 376832K, used 376413K [0x00000007c0000000, 0x00000007d7000000, 0x00000007eab00000)
  object space 376832K, 99% used [0x00000007c0000000,0x00000007d6f97530,0x00000007d7000000)
 Metaspace       used 76723K, committed 78144K, reserved 1179648K
  class space    used 7921K, committed 8640K, reserved 1048576K
}
Event: 13581.323 GC heap after
{Heap after GC invocations=2675 (full 11):
 PSYoungGen      total 3072K, used 1056K [0x00000007eab00000, 0x00000007eb600000, 0x0000000800000000)
  eden space 1536K, 0% used [0x00000007eab00000,0x00000007eab00000,0x00000007eac80000)
  from space 1536K, 68% used [0x00000007eb300000,0x00000007eb408000,0x00000007eb480000)
  to   space 1536K, 0% used [0x00000007eb480000,0x00000007eb480000,0x00000007eb600000)
 ParOldGen       total 377344K, used 376909K [0x00000007c0000000, 0x00000007d7080000, 0x00000007eab00000)
  object space 377344K, 99% used [0x00000007c0000000,0x00000007d7013530,0x00000007d7080000)
 Metaspace       used 76723K, committed 78144K, reserved 1179648K
  class space    used 7921K, committed 8640K, reserved 1048576K
}
Event: 13581.336 GC heap before
{Heap before GC invocations=2676 (full 11):
 PSYoungGen      total 3072K, used 2591K [0x00000007eab00000, 0x00000007eb600000, 0x0000000800000000)
  eden space 1536K, 99% used [0x00000007eab00000,0x00000007eac7ff90,0x00000007eac80000)
  from space 1536K, 68% used [0x00000007eb300000,0x00000007eb408000,0x00000007eb480000)
  to   space 1536K, 0% used [0x00000007eb480000,0x00000007eb480000,0x00000007eb600000)
 ParOldGen       total 377344K, used 376909K [0x00000007c0000000, 0x00000007d7080000, 0x00000007eab00000)
  object space 377344K, 99% used [0x00000007c0000000,0x00000007d7013530,0x00000007d7080000)
 Metaspace       used 76723K, committed 78144K, reserved 1179648K
  class space    used 7921K, committed 8640K, reserved 1048576K
}
Event: 13581.361 GC heap after
{Heap after GC invocations=2676 (full 11):
 PSYoungGen      total 3584K, used 1536K [0x00000007eab00000, 0x00000007eb600000, 0x0000000800000000)
  eden space 2048K, 0% used [0x00000007eab00000,0x00000007eab00000,0x00000007ead00000)
  from space 1536K, 100% used [0x00000007eb480000,0x00000007eb600000,0x00000007eb600000)
  to   space 2048K, 0% used [0x00000007eb200000,0x00000007eb200000,0x00000007eb400000)
 ParOldGen       total 378368K, used 377925K [0x00000007c0000000, 0x00000007d7180000, 0x00000007eab00000)
  object space 378368K, 99% used [0x00000007c0000000,0x00000007d7111530,0x00000007d7180000)
 Metaspace       used 76723K, committed 78144K, reserved 1179648K
  class space    used 7921K, committed 8640K, reserved 1048576K
}
Event: 13581.424 GC heap before
{Heap before GC invocations=2677 (full 11):
 PSYoungGen      total 3584K, used 3584K [0x00000007eab00000, 0x00000007eb600000, 0x0000000800000000)
  eden space 2048K, 100% used [0x00000007eab00000,0x00000007ead00000,0x00000007ead00000)
  from space 1536K, 100% used [0x00000007eb480000,0x00000007eb600000,0x00000007eb600000)
  to   space 2048K, 0% used [0x00000007eb200000,0x00000007eb200000,0x00000007eb400000)
 ParOldGen       total 378368K, used 377925K [0x00000007c0000000, 0x00000007d7180000, 0x00000007eab00000)
  object space 378368K, 99% used [0x00000007c0000000,0x00000007d7111530,0x00000007d7180000)
 Metaspace       used 76723K, committed 78144K, reserved 1179648K
  class space    used 7921K, committed 8640K, reserved 1048576K
}
Event: 13581.440 GC heap after
{Heap after GC invocations=2677 (full 11):
 PSYoungGen      total 4608K, used 1939K [0x00000007eab00000, 0x00000007eb500000, 0x0000000800000000)
  eden space 2560K, 0% used [0x00000007eab00000,0x00000007eab00000,0x00000007ead80000)
  from space 2048K, 94% used [0x00000007eb200000,0x00000007eb3e4c00,0x00000007eb400000)
  to   space 1024K, 0% used [0x00000007eb400000,0x00000007eb400000,0x00000007eb500000)
 ParOldGen       total 379904K, used 379461K [0x00000007c0000000, 0x00000007d7300000, 0x00000007eab00000)
  object space 379904K, 99% used [0x00000007c0000000,0x00000007d7291530,0x00000007d7300000)
 Metaspace       used 76723K, committed 78144K, reserved 1179648K
  class space    used 7921K, committed 8640K, reserved 1048576K
}
Event: 13582.562 GC heap before
{Heap before GC invocations=2678 (full 11):
 PSYoungGen      total 4608K, used 4242K [0x00000007eab00000, 0x00000007eb500000, 0x0000000800000000)
  eden space 2560K, 89% used [0x00000007eab00000,0x00000007ead3fca0,0x00000007ead80000)
  from space 2048K, 94% used [0x00000007eb200000,0x00000007eb3e4c00,0x00000007eb400000)
  to   space 1024K, 0% used [0x00000007eb400000,0x00000007eb400000,0x00000007eb500000)
 ParOldGen       total 379904K, used 379461K [0x00000007c0000000, 0x00000007d7300000, 0x00000007eab00000)
  object space 379904K, 99% used [0x00000007c0000000,0x00000007d7291530,0x00000007d7300000)
 Metaspace       used 76723K, committed 78144K, reserved 1179648K
  class space    used 7921K, committed 8640K, reserved 1048576K
}
Event: 13582.640 GC heap after
{Heap after GC invocations=2678 (full 11):
 PSYoungGen      total 4096K, used 1010K [0x00000007eab00000, 0x00000007eb600000, 0x0000000800000000)
  eden space 3072K, 0% used [0x00000007eab00000,0x00000007eab00000,0x00000007eae00000)
  from space 1024K, 98% used [0x00000007eb400000,0x00000007eb4fc800,0x00000007eb500000)
  to   space 4096K, 0% used [0x00000007eae00000,0x00000007eae00000,0x00000007eb200000)
 ParOldGen       total 382464K, used 382211K [0x00000007c0000000, 0x00000007d7580000, 0x00000007eab00000)
  object space 382464K, 99% used [0x00000007c0000000,0x00000007d7540d30,0x00000007d7580000)
 Metaspace       used 76723K, committed 78144K, reserved 1179648K
  class space    used 7921K, committed 8640K, reserved 1048576K
}
Event: 13583.027 GC heap before
{Heap before GC invocations=2679 (full 11):
 PSYoungGen      total 4096K, used 3840K [0x00000007eab00000, 0x00000007eb600000, 0x0000000800000000)
  eden space 3072K, 92% used [0x00000007eab00000,0x00000007eadc3870,0x00000007eae00000)
  from space 1024K, 98% used [0x00000007eb400000,0x00000007eb4fc800,0x00000007eb500000)
  to   space 4096K, 0% used [0x00000007eae00000,0x00000007eae00000,0x00000007eb200000)
 ParOldGen       total 382464K, used 382211K [0x00000007c0000000, 0x00000007d7580000, 0x00000007eab00000)
  object space 382464K, 99% used [0x00000007c0000000,0x00000007d7540d30,0x00000007d7580000)
 Metaspace       used 76723K, committed 78144K, reserved 1179648K
  class space    used 7921K, committed 8640K, reserved 1048576K
}
Event: 13583.035 GC heap after
{Heap after GC invocations=2679 (full 11):
 PSYoungGen      total 7168K, used 2852K [0x00000007eab00000, 0x00000007eb600000, 0x0000000800000000)
  eden space 3072K, 0% used [0x00000007eab00000,0x00000007eab00000,0x00000007eae00000)
  from space 4096K, 69% used [0x00000007eae00000,0x00000007eb0c9000,0x00000007eb200000)
  to   space 3584K, 0% used [0x00000007eb280000,0x00000007eb280000,0x00000007eb600000)
 ParOldGen       total 383488K, used 382943K [0x00000007c0000000, 0x00000007d7680000, 0x00000007eab00000)
  object space 383488K, 99% used [0x00000007c0000000,0x00000007d75f7d30,0x00000007d7680000)
 Metaspace       used 76723K, committed 78144K, reserved 1179648K
  class space    used 7921K, committed 8640K, reserved 1048576K
}
Event: 13584.026 GC heap before
{Heap before GC invocations=2680 (full 11):
 PSYoungGen      total 7168K, used 5924K [0x00000007eab00000, 0x00000007eb600000, 0x0000000800000000)
  eden space 3072K, 100% used [0x00000007eab00000,0x00000007eae00000,0x00000007eae00000)
  from space 4096K, 69% used [0x00000007eae00000,0x00000007eb0c9000,0x00000007eb200000)
  to   space 3584K, 0% used [0x00000007eb280000,0x00000007eb280000,0x00000007eb600000)
 ParOldGen       total 383488K, used 382943K [0x00000007c0000000, 0x00000007d7680000, 0x00000007eab00000)
  object space 383488K, 99% used [0x00000007c0000000,0x00000007d75f7d30,0x00000007d7680000)
 Metaspace       used 76723K, committed 78144K, reserved 1179648K
  class space    used 7921K, committed 8640K, reserved 1048576K
}
Event: 13584.040 GC heap after
{Heap after GC invocations=2680 (full 11):
 PSYoungGen      total 7168K, used 2968K [0x00000007eab00000, 0x00000007eb580000, 0x0000000800000000)
  eden space 4096K, 0% used [0x00000007eab00000,0x00000007eab00000,0x00000007eaf00000)
  from space 3072K, 96% used [0x00000007eb280000,0x00000007eb566000,0x00000007eb580000)
  to   space 3072K, 0% used [0x00000007eaf80000,0x00000007eaf80000,0x00000007eb280000)
 ParOldGen       total 385536K, used 385159K [0x00000007c0000000, 0x00000007d7880000, 0x00000007eab00000)
  object space 385536K, 99% used [0x00000007c0000000,0x00000007d7821d30,0x00000007d7880000)
 Metaspace       used 76723K, committed 78144K, reserved 1179648K
  class space    used 7921K, committed 8640K, reserved 1048576K
}
Event: 13584.204 GC heap before
{Heap before GC invocations=2681 (full 11):
 PSYoungGen      total 7168K, used 7064K [0x00000007eab00000, 0x00000007eb580000, 0x0000000800000000)
  eden space 4096K, 100% used [0x00000007eab00000,0x00000007eaf00000,0x00000007eaf00000)
  from space 3072K, 96% used [0x00000007eb280000,0x00000007eb566000,0x00000007eb580000)
  to   space 3072K, 0% used [0x00000007eaf80000,0x00000007eaf80000,0x00000007eb280000)
 ParOldGen       total 385536K, used 385159K [0x00000007c0000000, 0x00000007d7880000, 0x00000007eab00000)
  object space 385536K, 99% used [0x00000007c0000000,0x00000007d7821d30,0x00000007d7880000)
 Metaspace       used 76723K, committed 78144K, reserved 1179648K
  class space    used 7921K, committed 8640K, reserved 1048576K
}
Event: 13584.217 GC heap after
{Heap after GC invocations=2681 (full 11):
 PSYoungGen      total 6144K, used 1623K [0x00000007eab00000, 0x00000007eb400000, 0x0000000800000000)
  eden space 4096K, 0% used [0x00000007eab00000,0x00000007eab00000,0x00000007eaf00000)
  from space 2048K, 79% used [0x00000007eaf80000,0x00000007eb115e38,0x00000007eb180000)
  to   space 2560K, 0% used [0x00000007eb180000,0x00000007eb180000,0x00000007eb400000)
 ParOldGen       total 388096K, used 387695K [0x00000007c0000000, 0x00000007d7b00000, 0x00000007eab00000)
  object space 388096K, 99% used [0x00000007c0000000,0x00000007d7a9bd30,0x00000007d7b00000)
 Metaspace       used 76723K, committed 78144K, reserved 1179648K
  class space    used 7921K, committed 8640K, reserved 1048576K
}
Event: 13584.302 GC heap before
{Heap before GC invocations=2682 (full 11):
 PSYoungGen      total 6144K, used 5719K [0x00000007eab00000, 0x00000007eb400000, 0x0000000800000000)
  eden space 4096K, 100% used [0x00000007eab00000,0x00000007eaf00000,0x00000007eaf00000)
  from space 2048K, 79% used [0x00000007eaf80000,0x00000007eb115e38,0x00000007eb180000)
  to   space 2560K, 0% used [0x00000007eb180000,0x00000007eb180000,0x00000007eb400000)
 ParOldGen       total 388096K, used 387695K [0x00000007c0000000, 0x00000007d7b00000, 0x00000007eab00000)
  object space 388096K, 99% used [0x00000007c0000000,0x00000007d7a9bd30,0x00000007d7b00000)
 Metaspace       used 76723K, committed 78144K, reserved 1179648K
  class space    used 7921K, committed 8640K, reserved 1048576K
}
Event: 13584.317 GC heap after
{Heap after GC invocations=2682 (full 11):
 PSYoungGen      total 5120K, used 999K [0x00000007eab00000, 0x00000007eb280000, 0x0000000800000000)
  eden space 4096K, 0% used [0x00000007eab00000,0x00000007eab00000,0x00000007eaf00000)
  from space 1024K, 97% used [0x00000007eb180000,0x00000007eb279e18,0x00000007eb280000)
  to   space 1536K, 0% used [0x00000007eaf80000,0x00000007eaf80000,0x00000007eb100000)
 ParOldGen       total 388096K, used 387871K [0x00000007c0000000, 0x00000007d7b00000, 0x00000007eab00000)
  object space 388096K, 99% used [0x00000007c0000000,0x00000007d7ac7f30,0x00000007d7b00000)
 Metaspace       used 76723K, committed 78144K, reserved 1179648K
  class space    used 7921K, committed 8640K, reserved 1048576K
}
Event: 13584.387 GC heap before
{Heap before GC invocations=2683 (full 11):
 PSYoungGen      total 5120K, used 5095K [0x00000007eab00000, 0x00000007eb280000, 0x0000000800000000)
  eden space 4096K, 100% used [0x00000007eab00000,0x00000007eaf00000,0x00000007eaf00000)
  from space 1024K, 97% used [0x00000007eb180000,0x00000007eb279e18,0x00000007eb280000)
  to   space 1536K, 0% used [0x00000007eaf80000,0x00000007eaf80000,0x00000007eb100000)
 ParOldGen       total 388096K, used 387871K [0x00000007c0000000, 0x00000007d7b00000, 0x00000007eab00000)
  object space 388096K, 99% used [0x00000007c0000000,0x00000007d7ac7f30,0x00000007d7b00000)
 Metaspace       used 76725K, committed 78144K, reserved 1179648K
  class space    used 7921K, committed 8640K, reserved 1048576K
}
Event: 13584.412 GC heap after
{Heap after GC invocations=2683 (full 11):
 PSYoungGen      total 6144K, used 1056K [0x00000007eab00000, 0x00000007eb300000, 0x0000000800000000)
  eden space 4608K, 0% used [0x00000007eab00000,0x00000007eab00000,0x00000007eaf80000)
  from space 1536K, 68% used [0x00000007eaf80000,0x00000007eb088000,0x00000007eb100000)
  to   space 1536K, 0% used [0x00000007eb180000,0x00000007eb180000,0x00000007eb300000)
 ParOldGen       total 388096K, used 387903K [0x00000007c0000000, 0x00000007d7b00000, 0x00000007eab00000)
  object space 388096K, 99% used [0x00000007c0000000,0x00000007d7acff30,0x00000007d7b00000)
 Metaspace       used 76725K, committed 78144K, reserved 1179648K
  class space    used 7921K, committed 8640K, reserved 1048576K
}
Event: 13584.595 GC heap before
{Heap before GC invocations=2684 (full 11):
 PSYoungGen      total 6144K, used 5664K [0x00000007eab00000, 0x00000007eb300000, 0x0000000800000000)
  eden space 4608K, 100% used [0x00000007eab00000,0x00000007eaf80000,0x00000007eaf80000)
  from space 1536K, 68% used [0x00000007eaf80000,0x00000007eb088000,0x00000007eb100000)
  to   space 1536K, 0% used [0x00000007eb180000,0x00000007eb180000,0x00000007eb300000)
 ParOldGen       total 388096K, used 387903K [0x00000007c0000000, 0x00000007d7b00000, 0x00000007eab00000)
  object space 388096K, 99% used [0x00000007c0000000,0x00000007d7acff30,0x00000007d7b00000)
 Metaspace       used 76725K, committed 78144K, reserved 1179648K
  class space    used 7921K, committed 8640K, reserved 1048576K
}
Event: 13584.608 GC heap after
{Heap after GC invocations=2684 (full 11):
 PSYoungGen      total 5120K, used 384K [0x00000007eab00000, 0x00000007eb200000, 0x0000000800000000)
  eden space 4608K, 0% used [0x00000007eab00000,0x00000007eab00000,0x00000007eaf80000)
  from space 512K, 75% used [0x00000007eb180000,0x00000007eb1e0000,0x00000007eb200000)
  to   space 1024K, 0% used [0x00000007eb000000,0x00000007eb000000,0x00000007eb100000)
 ParOldGen       total 388096K, used 387936K [0x00000007c0000000, 0x00000007d7b00000, 0x00000007eab00000)
  object space 388096K, 99% used [0x00000007c0000000,0x00000007d7ad8300,0x00000007d7b00000)
 Metaspace       used 76725K, committed 78144K, reserved 1179648K
  class space    used 7921K, committed 8640K, reserved 1048576K
}

